[SLURM] job=8379 nodes=8 master=hpc39:29500 stages=8
hpc39
hpc40
hpc41
hpc42
hpc43
hpc44
hpc45
hpc46
Starting AAST Environment
Starting AAST Environment
Starting AAST Environment
Starting AAST Environment
Starting AAST Environment
Starting AAST Environment
Starting AAST Environment
[Preflight OK] hpc40
[Preflight OK] hpc39
[Preflight OK] hpc46
[Preflight OK] hpc44
[Preflight OK] hpc41
[Preflight OK] hpc42
Starting AAST Environment
[Preflight OK] hpc43
[Preflight OK] hpc45
Starting AAST Environment
Starting AAST Environment
Starting AAST Environment
Starting AAST Environment
Starting AAST Environment
Starting AAST Environment
Starting AAST Environment
Starting AAST Environment
[Launch] host=hpc39 RANK=0 WORLD=8 STAGES=8
[Launch] host=hpc46 RANK=7 WORLD=8 STAGES=8
[Launch] host=hpc42 RANK=3 WORLD=8 STAGES=8
[Launch] host=hpc45 RANK=6 WORLD=8 STAGES=8
[Launch] host=hpc41 RANK=2 WORLD=8 STAGES=8
[Launch] host=hpc40 RANK=1 WORLD=8 STAGES=8
[Launch] host=hpc44 RANK=5 WORLD=8 STAGES=8
[dbg] node=hpc41 START
[dbg] node=hpc46 START
[dbg] VENV_ACT=/home/salahelshafie@student.aast.edu/llamaenv_local/bin/activate
[dbg] VENV_ACT=/home/salahelshafie@student.aast.edu/llamaenv_local/bin/activate
[dbg] DATA_FILE=/home/salahelshafie@student.aast.edu/datasets/openwebtext_tok_opt27b_seq768
[dbg] DS_CFG=/home/salahelshafie@student.aast.edu/project/Cluster/Project 2 - Course Project/deepspeed_pp_zero1_cpu_activ.json
[dbg] MODEL_NAME=/home/salahelshafie@student.aast.edu/hf_models/facebook__opt-2.7b
[dbg] MASTER=hpc39:29500
[dbg] DATA_FILE=/home/salahelshafie@student.aast.edu/datasets/openwebtext_tok_opt27b_seq768
[dbg] DS_CFG=/home/salahelshafie@student.aast.edu/project/Cluster/Project 2 - Course Project/deepspeed_pp_zero1_cpu_activ.json
[dbg] MODEL_NAME=/home/salahelshafie@student.aast.edu/hf_models/facebook__opt-2.7b
[dbg] MASTER=hpc39:29500
[dbg] node=hpc39 START
[dbg] VENV_ACT=/home/salahelshafie@student.aast.edu/llamaenv_local/bin/activate
[dbg] DATA_FILE=/home/salahelshafie@student.aast.edu/datasets/openwebtext_tok_opt27b_seq768
[dbg] DS_CFG=/home/salahelshafie@student.aast.edu/project/Cluster/Project 2 - Course Project/deepspeed_pp_zero1_cpu_activ.json
[dbg] MODEL_NAME=/home/salahelshafie@student.aast.edu/hf_models/facebook__opt-2.7b
[dbg] MASTER=hpc39:29500
[dbg] node=hpc42 START
[dbg] VENV_ACT=/home/salahelshafie@student.aast.edu/llamaenv_local/bin/activate
[dbg] DATA_FILE=/home/salahelshafie@student.aast.edu/datasets/openwebtext_tok_opt27b_seq768
[dbg] DS_CFG=/home/salahelshafie@student.aast.edu/project/Cluster/Project 2 - Course Project/deepspeed_pp_zero1_cpu_activ.json
[dbg] MODEL_NAME=/home/salahelshafie@student.aast.edu/hf_models/facebook__opt-2.7b
[dbg] MASTER=hpc39:29500
[Launch] host=hpc43 RANK=4 WORLD=8 STAGES=8
[dbg] node=hpc40 START
[dbg] VENV_ACT=/home/salahelshafie@student.aast.edu/llamaenv_local/bin/activate
[dbg] DATA_FILE=/home/salahelshafie@student.aast.edu/datasets/openwebtext_tok_opt27b_seq768
[dbg] DS_CFG=/home/salahelshafie@student.aast.edu/project/Cluster/Project 2 - Course Project/deepspeed_pp_zero1_cpu_activ.json
[dbg] MODEL_NAME=/home/salahelshafie@student.aast.edu/hf_models/facebook__opt-2.7b
[dbg] MASTER=hpc39:29500
[dbg] node=hpc44 START
[dbg] VENV_ACT=/home/salahelshafie@student.aast.edu/llamaenv_local/bin/activate
[dbg] DATA_FILE=/home/salahelshafie@student.aast.edu/datasets/openwebtext_tok_opt27b_seq768
[dbg] DS_CFG=/home/salahelshafie@student.aast.edu/project/Cluster/Project 2 - Course Project/deepspeed_pp_zero1_cpu_activ.json
[dbg] MODEL_NAME=/home/salahelshafie@student.aast.edu/hf_models/facebook__opt-2.7b
[dbg] MASTER=hpc39:29500
[dbg] node=hpc45 START
[dbg] VENV_ACT=/home/salahelshafie@student.aast.edu/llamaenv_local/bin/activate
[dbg] DATA_FILE=/home/salahelshafie@student.aast.edu/datasets/openwebtext_tok_opt27b_seq768
[dbg] DS_CFG=/home/salahelshafie@student.aast.edu/project/Cluster/Project 2 - Course Project/deepspeed_pp_zero1_cpu_activ.json
[dbg] MODEL_NAME=/home/salahelshafie@student.aast.edu/hf_models/facebook__opt-2.7b
[dbg] MASTER=hpc39:29500
[dbg] node=hpc43 START
[dbg] VENV_ACT=/home/salahelshafie@student.aast.edu/llamaenv_local/bin/activate
[dbg] DATA_FILE=/home/salahelshafie@student.aast.edu/datasets/openwebtext_tok_opt27b_seq768
[dbg] DS_CFG=/home/salahelshafie@student.aast.edu/project/Cluster/Project 2 - Course Project/deepspeed_pp_zero1_cpu_activ.json
[dbg] MODEL_NAME=/home/salahelshafie@student.aast.edu/hf_models/facebook__opt-2.7b
[dbg] MASTER=hpc39:29500
[stage] Dataset staged to /tmp/openwebtext_tok_8379
[stage] Dataset staged to /tmp/openwebtext_tok_8379
[stage] Dataset staged to /tmp/openwebtext_tok_8379
[stage] Dataset staged to /tmp/openwebtext_tok_8379
[stage] Dataset staged to /tmp/openwebtext_tok_8379
[stage] Dataset staged to /tmp/openwebtext_tok_8379
[stage] Dataset staged to /tmp/openwebtext_tok_8379
[stage] Dataset staged to /tmp/openwebtext_tok_8379
[2025-09-11 02:02:10,216] [WARNING] [real_accelerator.py:162:get_accelerator] Setting accelerator to CPU. If you have GPU or other accelerator, we were unable to detect it.
[2025-09-11 02:02:10,332] [WARNING] [real_accelerator.py:162:get_accelerator] Setting accelerator to CPU. If you have GPU or other accelerator, we were unable to detect it.
[2025-09-11 02:02:10,547] [WARNING] [real_accelerator.py:162:get_accelerator] Setting accelerator to CPU. If you have GPU or other accelerator, we were unable to detect it.
[2025-09-11 02:02:10,543] [WARNING] [real_accelerator.py:162:get_accelerator] Setting accelerator to CPU. If you have GPU or other accelerator, we were unable to detect it.
[2025-09-11 02:02:10,539] [WARNING] [real_accelerator.py:162:get_accelerator] Setting accelerator to CPU. If you have GPU or other accelerator, we were unable to detect it.
[2025-09-11 02:02:10,577] [WARNING] [real_accelerator.py:162:get_accelerator] Setting accelerator to CPU. If you have GPU or other accelerator, we were unable to detect it.
[2025-09-11 02:02:10,641] [WARNING] [real_accelerator.py:162:get_accelerator] Setting accelerator to CPU. If you have GPU or other accelerator, we were unable to detect it.
[2025-09-11 02:02:10,716] [WARNING] [real_accelerator.py:162:get_accelerator] Setting accelerator to CPU. If you have GPU or other accelerator, we were unable to detect it.
[2025-09-11 02:02:10,861] [INFO] [real_accelerator.py:203:get_accelerator] Setting ds_accelerator to cpu (auto detect)
[2025-09-11 02:02:10,976] [INFO] [real_accelerator.py:203:get_accelerator] Setting ds_accelerator to cpu (auto detect)
[2025-09-11 02:02:10,980] [INFO] [real_accelerator.py:203:get_accelerator] Setting ds_accelerator to cpu (auto detect)
[2025-09-11 02:02:10,985] [INFO] [real_accelerator.py:203:get_accelerator] Setting ds_accelerator to cpu (auto detect)
[2025-09-11 02:02:10,996] [INFO] [real_accelerator.py:203:get_accelerator] Setting ds_accelerator to cpu (auto detect)
[2025-09-11 02:02:10,988] [INFO] [real_accelerator.py:203:get_accelerator] Setting ds_accelerator to cpu (auto detect)
[2025-09-11 02:02:10,993] [INFO] [real_accelerator.py:203:get_accelerator] Setting ds_accelerator to cpu (auto detect)
[2025-09-11 02:02:11,104] [INFO] [real_accelerator.py:203:get_accelerator] Setting ds_accelerator to cpu (auto detect)
[R5] Loading pre-tokenized dataset from disk: /tmp/openwebtext_tok_8379
[R7] Loading pre-tokenized dataset from disk: /tmp/openwebtext_tok_8379
[R6] Loading pre-tokenized dataset from disk: /tmp/openwebtext_tok_8379
[R5] Detected tokenized dataset (columns: ['attention_mask', 'input_ids'])
[R4] Loading pre-tokenized dataset from disk: /tmp/openwebtext_tok_8379
[R7] Detected tokenized dataset (columns: ['attention_mask', 'input_ids'])
[R3] Loading pre-tokenized dataset from disk: /tmp/openwebtext_tok_8379
[R4] Detected tokenized dataset (columns: ['attention_mask', 'input_ids'])
[R0] Loading pre-tokenized dataset from disk: /tmp/openwebtext_tok_8379
[R6] Detected tokenized dataset (columns: ['attention_mask', 'input_ids'])
[R3] Detected tokenized dataset (columns: ['attention_mask', 'input_ids'])
[R1] Loading pre-tokenized dataset from disk: /tmp/openwebtext_tok_8379
[R0] Detected tokenized dataset (columns: ['attention_mask', 'input_ids'])
[R1] Detected tokenized dataset (columns: ['attention_mask', 'input_ids'])
[R2] Loading pre-tokenized dataset from disk: /tmp/openwebtext_tok_8379
[R2] Detected tokenized dataset (columns: ['attention_mask', 'input_ids'])
