[SLURM] job=8371 nodes=8 master=hpc39:29500 stages=8
hpc39
hpc40
hpc41
hpc42
hpc43
hpc44
hpc45
hpc46
[Preflight OK] hpc39
[Preflight OK] hpc39
[Preflight OK] hpc39
[Preflight OK] hpc39
[Preflight OK] hpc39
[Preflight OK] hpc39
[Preflight OK] hpc39
[Preflight OK] hpc39
[dbg] node=hpc40 START
[dbg] node=hpc39 START
[dbg] VENV_ACT=/home/salahelshafie@student.aast.edu/llamaenv_local/bin/activate
[dbg] DATA_FILE=/home/salahelshafie@student.aast.edu/datasets/openwebtext_tok_opt27b_seq768
[dbg] DS_CFG=/home/salahelshafie@student.aast.edu/project/Cluster/Project 2 - Course Project/deepspeed_pp_zero1_cpu_activ.json
[dbg] MODEL_NAME=/home/salahelshafie@student.aast.edu/hf_models/facebook__opt-2.7b
[dbg] MASTER=hpc39:29500
[dbg] VENV_ACT=/home/salahelshafie@student.aast.edu/llamaenv_local/bin/activate
[dbg] DATA_FILE=/home/salahelshafie@student.aast.edu/datasets/openwebtext_tok_opt27b_seq768
[dbg] DS_CFG=/home/salahelshafie@student.aast.edu/project/Cluster/Project 2 - Course Project/deepspeed_pp_zero1_cpu_activ.json
[dbg] MODEL_NAME=/home/salahelshafie@student.aast.edu/hf_models/facebook__opt-2.7b
[dbg] MASTER=hpc39:29500
[dbg] node=hpc42 START
[dbg] node=hpc46 START
[dbg] node=hpc41 START
[dbg] node=hpc43 START
[dbg] node=hpc44 START
[dbg] node=hpc45 START
[dbg] VENV_ACT=/home/salahelshafie@student.aast.edu/llamaenv_local/bin/activate
[dbg] DATA_FILE=/home/salahelshafie@student.aast.edu/datasets/openwebtext_tok_opt27b_seq768
[dbg] DS_CFG=/home/salahelshafie@student.aast.edu/project/Cluster/Project 2 - Course Project/deepspeed_pp_zero1_cpu_activ.json
[dbg] MODEL_NAME=/home/salahelshafie@student.aast.edu/hf_models/facebook__opt-2.7b
[dbg] MASTER=hpc39:29500
[dbg] VENV_ACT=/home/salahelshafie@student.aast.edu/llamaenv_local/bin/activate
[dbg] DATA_FILE=/home/salahelshafie@student.aast.edu/datasets/openwebtext_tok_opt27b_seq768
[dbg] DS_CFG=/home/salahelshafie@student.aast.edu/project/Cluster/Project 2 - Course Project/deepspeed_pp_zero1_cpu_activ.json
[dbg] MODEL_NAME=/home/salahelshafie@student.aast.edu/hf_models/facebook__opt-2.7b
[dbg] MASTER=hpc39:29500
[dbg] VENV_ACT=/home/salahelshafie@student.aast.edu/llamaenv_local/bin/activate
[dbg] VENV_ACT=/home/salahelshafie@student.aast.edu/llamaenv_local/bin/activate
[dbg] DATA_FILE=/home/salahelshafie@student.aast.edu/datasets/openwebtext_tok_opt27b_seq768
[dbg] DATA_FILE=/home/salahelshafie@student.aast.edu/datasets/openwebtext_tok_opt27b_seq768
[dbg] DS_CFG=/home/salahelshafie@student.aast.edu/project/Cluster/Project 2 - Course Project/deepspeed_pp_zero1_cpu_activ.json
[dbg] DS_CFG=/home/salahelshafie@student.aast.edu/project/Cluster/Project 2 - Course Project/deepspeed_pp_zero1_cpu_activ.json
[dbg] MODEL_NAME=/home/salahelshafie@student.aast.edu/hf_models/facebook__opt-2.7b
[dbg] MODEL_NAME=/home/salahelshafie@student.aast.edu/hf_models/facebook__opt-2.7b
[dbg] MASTER=hpc39:29500
[dbg] MASTER=hpc39:29500
[dbg] VENV_ACT=/home/salahelshafie@student.aast.edu/llamaenv_local/bin/activate
[dbg] DATA_FILE=/home/salahelshafie@student.aast.edu/datasets/openwebtext_tok_opt27b_seq768
[dbg] DS_CFG=/home/salahelshafie@student.aast.edu/project/Cluster/Project 2 - Course Project/deepspeed_pp_zero1_cpu_activ.json
[dbg] MODEL_NAME=/home/salahelshafie@student.aast.edu/hf_models/facebook__opt-2.7b
[dbg] MASTER=hpc39:29500
[dbg] VENV_ACT=/home/salahelshafie@student.aast.edu/llamaenv_local/bin/activate
[dbg] DATA_FILE=/home/salahelshafie@student.aast.edu/datasets/openwebtext_tok_opt27b_seq768
[dbg] DS_CFG=/home/salahelshafie@student.aast.edu/project/Cluster/Project 2 - Course Project/deepspeed_pp_zero1_cpu_activ.json
[dbg] MODEL_NAME=/home/salahelshafie@student.aast.edu/hf_models/facebook__opt-2.7b
[dbg] MASTER=hpc39:29500
[stage] Dataset staged to /tmp/openwebtext_tok_8371
[stage] Dataset staged to /tmp/openwebtext_tok_8371
[Launch] host=hpc39 RANK=0 WORLD=8 STAGES=8
[Launch] host=hpc40 RANK=1 WORLD=8 STAGES=8
[stage] Dataset staged to /tmp/openwebtext_tok_8371
[Launch] host=hpc43 RANK=4 WORLD=8 STAGES=8
[stage] Dataset staged to /tmp/openwebtext_tok_8371
[Launch] host=hpc44 RANK=5 WORLD=8 STAGES=8
[stage] Dataset staged to /tmp/openwebtext_tok_8371
[Launch] host=hpc45 RANK=6 WORLD=8 STAGES=8
[stage] Dataset staged to /tmp/openwebtext_tok_8371
[Launch] host=hpc41 RANK=2 WORLD=8 STAGES=8
[stage] Dataset staged to /tmp/openwebtext_tok_8371
[Launch] host=hpc46 RANK=7 WORLD=8 STAGES=8
[stage] Dataset staged to /tmp/openwebtext_tok_8371
[Launch] host=hpc42 RANK=3 WORLD=8 STAGES=8
[2025-09-11 01:40:02,549] [WARNING] [real_accelerator.py:162:get_accelerator] Setting accelerator to CPU. If you have GPU or other accelerator, we were unable to detect it.
[2025-09-11 01:40:02,608] [WARNING] [real_accelerator.py:162:get_accelerator] Setting accelerator to CPU. If you have GPU or other accelerator, we were unable to detect it.
[2025-09-11 01:40:02,671] [WARNING] [real_accelerator.py:162:get_accelerator] Setting accelerator to CPU. If you have GPU or other accelerator, we were unable to detect it.
[2025-09-11 01:40:02,678] [WARNING] [real_accelerator.py:162:get_accelerator] Setting accelerator to CPU. If you have GPU or other accelerator, we were unable to detect it.
[2025-09-11 01:40:02,708] [INFO] [real_accelerator.py:203:get_accelerator] Setting ds_accelerator to cpu (auto detect)
[2025-09-11 01:40:02,755] [INFO] [real_accelerator.py:203:get_accelerator] Setting ds_accelerator to cpu (auto detect)
[2025-09-11 01:40:02,804] [WARNING] [real_accelerator.py:162:get_accelerator] Setting accelerator to CPU. If you have GPU or other accelerator, we were unable to detect it.
[2025-09-11 01:40:02,891] [INFO] [real_accelerator.py:203:get_accelerator] Setting ds_accelerator to cpu (auto detect)
[2025-09-11 01:40:02,895] [INFO] [real_accelerator.py:203:get_accelerator] Setting ds_accelerator to cpu (auto detect)
[2025-09-11 01:40:02,966] [WARNING] [real_accelerator.py:162:get_accelerator] Setting accelerator to CPU. If you have GPU or other accelerator, we were unable to detect it.
[2025-09-11 01:40:02,985] [INFO] [real_accelerator.py:203:get_accelerator] Setting ds_accelerator to cpu (auto detect)
[2025-09-11 01:40:03,081] [INFO] [real_accelerator.py:203:get_accelerator] Setting ds_accelerator to cpu (auto detect)
[2025-09-11 01:40:03,166] [WARNING] [real_accelerator.py:162:get_accelerator] Setting accelerator to CPU. If you have GPU or other accelerator, we were unable to detect it.
[2025-09-11 01:40:03,307] [INFO] [real_accelerator.py:203:get_accelerator] Setting ds_accelerator to cpu (auto detect)
[2025-09-11 01:40:04,112] [WARNING] [real_accelerator.py:162:get_accelerator] Setting accelerator to CPU. If you have GPU or other accelerator, we were unable to detect it.
[2025-09-11 01:40:04,248] [INFO] [real_accelerator.py:203:get_accelerator] Setting ds_accelerator to cpu (auto detect)
[R0] Loading pre-tokenized dataset from disk: /tmp/openwebtext_tok_8371
[R7] Loading pre-tokenized dataset from disk: /tmp/openwebtext_tok_8371
[R0] Detected tokenized dataset (columns: ['attention_mask', 'input_ids'])
[R4] Loading pre-tokenized dataset from disk: /tmp/openwebtext_tok_8371
[R7] Detected tokenized dataset (columns: ['attention_mask', 'input_ids'])
[R6] Loading pre-tokenized dataset from disk: /tmp/openwebtext_tok_8371
[R5] Loading pre-tokenized dataset from disk: /tmp/openwebtext_tok_8371
[R3] Loading pre-tokenized dataset from disk: /tmp/openwebtext_tok_8371
[R4] Detected tokenized dataset (columns: ['attention_mask', 'input_ids'])
[R2] Loading pre-tokenized dataset from disk: /tmp/openwebtext_tok_8371
[R5] Detected tokenized dataset (columns: ['attention_mask', 'input_ids'])
[R1] Loading pre-tokenized dataset from disk: /tmp/openwebtext_tok_8371
[R6] Detected tokenized dataset (columns: ['attention_mask', 'input_ids'])
[R2] Detected tokenized dataset (columns: ['attention_mask', 'input_ids'])
[R3] Detected tokenized dataset (columns: ['attention_mask', 'input_ids'])
[R1] Detected tokenized dataset (columns: ['attention_mask', 'input_ids'])
