/home/salahelshafie@student.aast.edu/llamaenv_local/lib/python3.11/site-packages/transformers/utils/hub.py:124: FutureWarning: Using `TRANSFORMERS_CACHE` is deprecated and will be removed in v5 of Transformers. Use `HF_HOME` instead.
  warnings.warn(
/home/salahelshafie@student.aast.edu/llamaenv_local/lib/python3.11/site-packages/transformers/utils/hub.py:124: FutureWarning: Using `TRANSFORMERS_CACHE` is deprecated and will be removed in v5 of Transformers. Use `HF_HOME` instead.
  warnings.warn(
/home/salahelshafie@student.aast.edu/llamaenv_local/lib/python3.11/site-packages/transformers/utils/hub.py:124: FutureWarning: Using `TRANSFORMERS_CACHE` is deprecated and will be removed in v5 of Transformers. Use `HF_HOME` instead.
  warnings.warn(
/home/salahelshafie@student.aast.edu/llamaenv_local/lib/python3.11/site-packages/transformers/utils/hub.py:124: FutureWarning: Using `TRANSFORMERS_CACHE` is deprecated and will be removed in v5 of Transformers. Use `HF_HOME` instead.
  warnings.warn(
/home/salahelshafie@student.aast.edu/llamaenv_local/lib/python3.11/site-packages/transformers/utils/hub.py:124: FutureWarning: Using `TRANSFORMERS_CACHE` is deprecated and will be removed in v5 of Transformers. Use `HF_HOME` instead.
  warnings.warn(
/home/salahelshafie@student.aast.edu/llamaenv_local/lib/python3.11/site-packages/transformers/utils/hub.py:124: FutureWarning: Using `TRANSFORMERS_CACHE` is deprecated and will be removed in v5 of Transformers. Use `HF_HOME` instead.
  warnings.warn(
/home/salahelshafie@student.aast.edu/llamaenv_local/lib/python3.11/site-packages/transformers/utils/hub.py:124: FutureWarning: Using `TRANSFORMERS_CACHE` is deprecated and will be removed in v5 of Transformers. Use `HF_HOME` instead.
  warnings.warn(
/home/salahelshafie@student.aast.edu/llamaenv_local/lib/python3.11/site-packages/transformers/utils/hub.py:124: FutureWarning: Using `TRANSFORMERS_CACHE` is deprecated and will be removed in v5 of Transformers. Use `HF_HOME` instead.
  warnings.warn(
/home/salahelshafie@student.aast.edu/project/Cluster/Project 2 - Course Project/./run_node.sh: line 55:  4278 Killed                  python ./finetune_lora_opt_pp.py --model_name "$MODEL_NAME" --data_file "$DATA_FILE" --seq_len "$SEQ_LEN" --epochs "$EPOCHS" --batch "$BATCH" --accum "$ACCUM" --lr "$LR" --ds_cfg "$DS_CFG" --logdir "$LOGDIR" --out_root "$OUT_ROOT"
slurmstepd-hpc42: error: Step 8371.1 hit memory limit at least once during execution. This may or may not result in some failure.
slurmstepd-hpc42: error: Job 8371 hit memory limit at least once during execution. This may or may not result in some failure.
srun: error: hpc42: task 3: Out Of Memory
/home/salahelshafie@student.aast.edu/project/Cluster/Project 2 - Course Project/./run_node.sh: line 55: 10855 Killed                  python ./finetune_lora_opt_pp.py --model_name "$MODEL_NAME" --data_file "$DATA_FILE" --seq_len "$SEQ_LEN" --epochs "$EPOCHS" --batch "$BATCH" --accum "$ACCUM" --lr "$LR" --ds_cfg "$DS_CFG" --logdir "$LOGDIR" --out_root "$OUT_ROOT"
slurmstepd-hpc45: error: Step 8371.1 hit memory limit at least once during execution. This may or may not result in some failure.
slurmstepd-hpc45: error: Job 8371 hit memory limit at least once during execution. This may or may not result in some failure.
srun: Terminating job step 8371.1
slurmstepd-hpc40: error: Step 8371.1 hit memory limit at least once during execution. This may or may not result in some failure.
slurmstepd-hpc40: error: Job 8371 hit memory limit at least once during execution. This may or may not result in some failure.
slurmstepd-hpc44: error: Step 8371.1 hit memory limit at least once during execution. This may or may not result in some failure.
slurmstepd-hpc44: error: Job 8371 hit memory limit at least once during execution. This may or may not result in some failure.
slurmstepd-hpc39: error: *** STEP 8371.1 ON hpc39 CANCELLED AT 2025-09-11T01:47:04 ***
slurmstepd-hpc39: error: Job 8371 hit memory limit at least once during execution. This may or may not result in some failure.
slurmstepd-hpc43: error: Step 8371.1 hit memory limit at least once during execution. This may or may not result in some failure.
slurmstepd-hpc43: error: Job 8371 hit memory limit at least once during execution. This may or may not result in some failure.
slurmstepd-hpc46: error: Step 8371.1 hit memory limit at least once during execution. This may or may not result in some failure.
slurmstepd-hpc46: error: Job 8371 hit memory limit at least once during execution. This may or may not result in some failure.
slurmstepd-hpc41: error: Step 8371.1 hit memory limit at least once during execution. This may or may not result in some failure.
slurmstepd-hpc41: error: Job 8371 hit memory limit at least once during execution. This may or may not result in some failure.
[FATAL] line 48 rc=1
slurmstepd-hpc39: error: Job 8371 hit memory limit at least once during execution. This may or may not result in some failure.
